#
# There is insufficient memory for the Java Runtime Environment to continue.
# Native memory allocation (malloc) failed to allocate 1048576 bytes. Error detail: AllocateHeap
# Possible reasons:
#   The system is out of physical RAM or swap space
#   This process is running with CompressedOops enabled, and the Java Heap may be blocking the growth of the native heap
# Possible solutions:
#   Reduce memory load on the system
#   Increase physical memory or swap space
#   Check if swap backing store is full
#   Decrease Java heap size (-Xmx/-Xms)
#   Decrease number of Java threads
#   Decrease Java thread stack sizes (-Xss)
#   Set larger code cache with -XX:ReservedCodeCacheSize=
#   JVM is running with Unscaled Compressed Oops mode in which the Java heap is
#     placed in the first 4GB address space. The Java Heap base address is the
#     maximum limit for the native heap growth. Please use -XX:HeapBaseMinAddress
#     to set the Java Heap base and to place the Java Heap above 4GB virtual address.
# This output file may be truncated or incomplete.
#
#  Out of Memory Error (allocation.cpp:44), pid=13456, tid=11100
#
# JRE version: OpenJDK Runtime Environment Temurin-21.0.8+9 (21.0.8+9) (build 21.0.8+9-LTS)
# Java VM: OpenJDK 64-Bit Server VM Temurin-21.0.8+9 (21.0.8+9-LTS, mixed mode, sharing, tiered, compressed oops, compressed class ptrs, parallel gc, windows-amd64)
# No core dump will be written. Minidumps are not enabled by default on client versions of Windows
#

---------------  S U M M A R Y ------------

Command Line: --add-modules=ALL-SYSTEM --add-opens=java.base/java.util=ALL-UNNAMED --add-opens=java.base/java.lang=ALL-UNNAMED --add-opens=java.base/sun.nio.fs=ALL-UNNAMED -Declipse.application=org.eclipse.jdt.ls.core.id1 -Dosgi.bundles.defaultStartLevel=4 -Declipse.product=org.eclipse.jdt.ls.core.product -Djava.import.generatesMetadataFilesAtProjectRoot=false -DDetectVMInstallationsJob.disabled=true -Dfile.encoding=utf8 -XX:+UseParallelGC -XX:GCTimeRatio=4 -XX:AdaptiveSizePolicyWeight=90 -Dsun.zip.disableMemoryMapping=true -Xmx2G -Xms100m -Xlog:disable -javaagent:c:\Users\Kavis\.vscode\extensions\redhat.java-1.45.0-win32-x64\lombok\lombok-1.18.39-4050.jar -XX:+HeapDumpOnOutOfMemoryError -XX:HeapDumpPath=c:\Users\Kavis\AppData\Roaming\Code\User\workspaceStorage\3b4bd8e8293cadc85f576f6bf8f32796\redhat.java -Daether.dependencyCollector.impl=bf c:\Users\Kavis\.vscode\extensions\redhat.java-1.45.0-win32-x64\server\plugins\org.eclipse.equinox.launcher_1.7.0.v20250519-0528.jar -configuration c:\Users\Kavis\AppData\Roaming\Code\User\globalStorage\redhat.java\1.45.0\config_win -data c:\Users\Kavis\AppData\Roaming\Code\User\workspaceStorage\3b4bd8e8293cadc85f576f6bf8f32796\redhat.java\jdt_ws --pipe=\\.\pipe\lsp-b0abed4114f63a1c6c74e7c8f44cb741-sock

Host: 12th Gen Intel(R) Core(TM) i5-1235U, 12 cores, 7G,  Windows 11 , 64 bit Build 26100 (10.0.26100.5074)
Time: Thu Sep 25 19:47:21 2025 Sri Lanka Standard Time elapsed time: 4727.046943 seconds (0d 1h 18m 47s)

---------------  T H R E A D  ---------------

Current thread (0x0000019a0fc18870):  JavaThread "Attach Listener" daemon [_thread_in_vm, id=11100, stack(0x0000008066f00000,0x0000008067000000) (1024K)]

Stack: [0x0000008066f00000,0x0000008067000000]
Native frames: (J=compiled Java code, j=interpreted, Vv=VM code, C=native code)
V  [jvm.dll+0x6d2449]
V  [jvm.dll+0x8ae341]
V  [jvm.dll+0x8b08be]
V  [jvm.dll+0x8b0fa3]
V  [jvm.dll+0x280c96]
V  [jvm.dll+0xc0347]
V  [jvm.dll+0x6d2cf9]
V  [jvm.dll+0x131116]
V  [jvm.dll+0x3f2d16]
V  [jvm.dll+0x857e6b]
V  [jvm.dll+0x6d0b0d]
C  [ucrtbase.dll+0x37b0]
C  [KERNEL32.DLL+0x2e8d7]
C  [ntdll.dll+0x8d9c]


---------------  P R O C E S S  ---------------

Threads class SMR info:
_java_thread_list=0x0000019a706820b0, length=43, elements={
0x0000019a0fb75580, 0x0000019a0fc10fa0, 0x0000019a0fc134d0, 0x0000019a0fc17e20,
0x0000019a0fc18870, 0x0000019a0fc194c0, 0x0000019a0fc1cd10, 0x0000019a0fc23db0,
0x0000019a0fc2e8e0, 0x0000019a689a6ee0, 0x0000019a68b5b770, 0x0000019a6e82a0d0,
0x0000019a6e816c70, 0x0000019a6e884f90, 0x0000019a6e886f80, 0x0000019a6ee4b8e0,
0x0000019a6ec3bc50, 0x0000019a6ee41cb0, 0x0000019a6ee41620, 0x0000019a6ee3fbe0,
0x0000019a70e01f10, 0x0000019a70e02c30, 0x0000019a70e025a0, 0x0000019a70e004d0,
0x0000019a70dff7b0, 0x0000019a70e032c0, 0x0000019a70e01880, 0x0000019a70e03950,
0x0000019a70e00b60, 0x0000019a70e04670, 0x0000019a70e011f0, 0x0000019a70e03fe0,
0x0000019a70e04d00, 0x0000019a70e06740, 0x0000019a70e05390, 0x0000019a70e05a20,
0x0000019a721f3580, 0x0000019a70753300, 0x0000019a70750ba0, 0x0000019a70755a60,
0x0000019a68970c80, 0x0000019a68971310, 0x0000019a6896ff60
}

Java Threads: ( => current thread )
  0x0000019a0fb75580 JavaThread "main"                              [_thread_blocked, id=22508, stack(0x0000008066800000,0x0000008066900000) (1024K)]
  0x0000019a0fc10fa0 JavaThread "Reference Handler"          daemon [_thread_blocked, id=3944, stack(0x0000008066c00000,0x0000008066d00000) (1024K)]
  0x0000019a0fc134d0 JavaThread "Finalizer"                  daemon [_thread_blocked, id=14224, stack(0x0000008066d00000,0x0000008066e00000) (1024K)]
  0x0000019a0fc17e20 JavaThread "Signal Dispatcher"          daemon [_thread_blocked, id=22988, stack(0x0000008066e00000,0x0000008066f00000) (1024K)]
=>0x0000019a0fc18870 JavaThread "Attach Listener"            daemon [_thread_in_vm, id=11100, stack(0x0000008066f00000,0x0000008067000000) (1024K)]
  0x0000019a0fc194c0 JavaThread "Service Thread"             daemon [_thread_blocked, id=3676, stack(0x0000008067000000,0x0000008067100000) (1024K)]
  0x0000019a0fc1cd10 JavaThread "Monitor Deflation Thread"   daemon [_thread_blocked, id=7396, stack(0x0000008067100000,0x0000008067200000) (1024K)]
  0x0000019a0fc23db0 JavaThread "C2 CompilerThread0"         daemon [_thread_blocked, id=14144, stack(0x0000008067200000,0x0000008067300000) (1024K)]
  0x0000019a0fc2e8e0 JavaThread "C1 CompilerThread0"         daemon [_thread_blocked, id=2672, stack(0x0000008067300000,0x0000008067400000) (1024K)]
  0x0000019a689a6ee0 JavaThread "Common-Cleaner"             daemon [_thread_blocked, id=13912, stack(0x0000008067400000,0x0000008067500000) (1024K)]
  0x0000019a68b5b770 JavaThread "Notification Thread"        daemon [_thread_blocked, id=1824, stack(0x0000008067600000,0x0000008067700000) (1024K)]
  0x0000019a6e82a0d0 JavaThread "Active Thread: Equinox Container: 3eb99d08-bcef-4f1a-8538-8b4ba3e03ffb"        [_thread_blocked, id=8604, stack(0x0000008067700000,0x0000008067800000) (1024K)]
  0x0000019a6e816c70 JavaThread "Refresh Thread: Equinox Container: 3eb99d08-bcef-4f1a-8538-8b4ba3e03ffb" daemon [_thread_blocked, id=12196, stack(0x0000008067f00000,0x0000008068000000) (1024K)]
  0x0000019a6e884f90 JavaThread "Framework Event Dispatcher: Equinox Container: 3eb99d08-bcef-4f1a-8538-8b4ba3e03ffb" daemon [_thread_blocked, id=7140, stack(0x0000008068000000,0x0000008068100000) (1024K)]
  0x0000019a6e886f80 JavaThread "Start Level: Equinox Container: 3eb99d08-bcef-4f1a-8538-8b4ba3e03ffb" daemon [_thread_blocked, id=15116, stack(0x0000008068100000,0x0000008068200000) (1024K)]
  0x0000019a6ee4b8e0 JavaThread "Bundle File Closer"         daemon [_thread_blocked, id=18324, stack(0x0000008068400000,0x0000008068500000) (1024K)]
  0x0000019a6ec3bc50 JavaThread "SCR Component Actor"        daemon [_thread_blocked, id=22540, stack(0x0000008068500000,0x0000008068600000) (1024K)]
  0x0000019a6ee41cb0 JavaThread "Worker-JM"                         [_thread_blocked, id=17900, stack(0x0000008068700000,0x0000008068800000) (1024K)]
  0x0000019a6ee41620 JavaThread "JNA Cleaner"                daemon [_thread_blocked, id=13424, stack(0x0000008067500000,0x0000008067600000) (1024K)]
  0x0000019a6ee3fbe0 JavaThread "Java indexing"              daemon [_thread_blocked, id=15028, stack(0x0000008068c00000,0x0000008068d00000) (1024K)]
  0x0000019a70e01f10 JavaThread "Thread-2"                   daemon [_thread_in_native, id=7716, stack(0x0000008069200000,0x0000008069300000) (1024K)]
  0x0000019a70e02c30 JavaThread "Thread-3"                   daemon [_thread_in_native, id=7624, stack(0x0000008069300000,0x0000008069400000) (1024K)]
  0x0000019a70e025a0 JavaThread "Thread-4"                   daemon [_thread_in_native, id=23624, stack(0x0000008069400000,0x0000008069500000) (1024K)]
  0x0000019a70e004d0 JavaThread "Thread-5"                   daemon [_thread_in_native, id=16532, stack(0x0000008069500000,0x0000008069600000) (1024K)]
  0x0000019a70dff7b0 JavaThread "Thread-6"                   daemon [_thread_in_native, id=19264, stack(0x0000008069600000,0x0000008069700000) (1024K)]
  0x0000019a70e032c0 JavaThread "Thread-7"                   daemon [_thread_in_native, id=16956, stack(0x0000008069700000,0x0000008069800000) (1024K)]
  0x0000019a70e01880 JavaThread "Thread-8"                   daemon [_thread_in_native, id=12344, stack(0x0000008069800000,0x0000008069900000) (1024K)]
  0x0000019a70e03950 JavaThread "Thread-9"                   daemon [_thread_in_native, id=22940, stack(0x0000008069900000,0x0000008069a00000) (1024K)]
  0x0000019a70e00b60 JavaThread "Thread-10"                  daemon [_thread_in_native, id=13732, stack(0x0000008069a00000,0x0000008069b00000) (1024K)]
  0x0000019a70e04670 JavaThread "Thread-11"                  daemon [_thread_in_native, id=21712, stack(0x0000008069b00000,0x0000008069c00000) (1024K)]
  0x0000019a70e011f0 JavaThread "Thread-12"                  daemon [_thread_in_native, id=10360, stack(0x0000008069c00000,0x0000008069d00000) (1024K)]
  0x0000019a70e03fe0 JavaThread "Thread-13"                  daemon [_thread_in_native, id=17488, stack(0x0000008069d00000,0x0000008069e00000) (1024K)]
  0x0000019a70e04d00 JavaThread "Thread-14"                  daemon [_thread_in_native, id=20012, stack(0x0000008069e00000,0x0000008069f00000) (1024K)]
  0x0000019a70e06740 JavaThread "pool-2-thread-1"                   [_thread_blocked, id=1916, stack(0x0000008069f00000,0x000000806a000000) (1024K)]
  0x0000019a70e05390 JavaThread "WorkspaceEventsHandler"            [_thread_blocked, id=17312, stack(0x000000806a100000,0x000000806a200000) (1024K)]
  0x0000019a70e05a20 JavaThread "pool-1-thread-1"                   [_thread_blocked, id=19320, stack(0x000000806a200000,0x000000806a300000) (1024K)]
  0x0000019a721f3580 JavaThread "Cleaner-0"                  daemon [_thread_blocked, id=24236, stack(0x000000806aa00000,0x000000806ab00000) (1024K)]
  0x0000019a70753300 JavaThread "Java Debug Server"          daemon [_thread_in_native, id=10280, stack(0x000000806b100000,0x000000806b200000) (1024K)]
  0x0000019a70750ba0 JavaThread "RxSchedulerPurge-1"         daemon [_thread_blocked, id=9060, stack(0x000000806b700000,0x000000806b800000) (1024K)]
  0x0000019a70755a60 JavaThread "RxCachedWorkerPoolEvictor-1" daemon [_thread_blocked, id=2756, stack(0x000000806b800000,0x000000806b900000) (1024K)]
  0x0000019a68970c80 JavaThread "Worker-37"                         [_thread_blocked, id=22416, stack(0x0000008068600000,0x0000008068700000) (1024K)]
  0x0000019a68971310 JavaThread "ForkJoinPool.commonPool-worker-35" daemon [_thread_blocked, id=12772, stack(0x0000008068a00000,0x0000008068b00000) (1024K)]
  0x0000019a6896ff60 JavaThread "Worker-44"                         [_thread_blocked, id=21196, stack(0x0000008066600000,0x0000008066700000) (1024K)]
Total: 43

Other Threads:
  0x0000019a0fc10c00 VMThread "VM Thread"                           [id=2076, stack(0x0000008066b00000,0x0000008066c00000) (1024K)]
  0x0000019a0f9fca00 WatcherThread "VM Periodic Task Thread"        [id=8040, stack(0x0000008066a00000,0x0000008066b00000) (1024K)]
  0x0000019a0fb92be0 WorkerThread "GC Thread#0"                     [id=14300, stack(0x0000008066900000,0x0000008066a00000) (1024K)]
  0x0000019a6e1bd380 WorkerThread "GC Thread#1"                     [id=8648, stack(0x0000008067800000,0x0000008067900000) (1024K)]
  0x0000019a6e245cd0 WorkerThread "GC Thread#2"                     [id=21392, stack(0x0000008067900000,0x0000008067a00000) (1024K)]
  0x0000019a6e4c9130 WorkerThread "GC Thread#3"                     [id=13400, stack(0x0000008067a00000,0x0000008067b00000) (1024K)]
  0x0000019a6e519660 WorkerThread "GC Thread#4"                     [id=20932, stack(0x0000008067b00000,0x0000008067c00000) (1024K)]
  0x0000019a6e519a00 WorkerThread "GC Thread#5"                     [id=11720, stack(0x0000008067c00000,0x0000008067d00000) (1024K)]
  0x0000019a6e961030 WorkerThread "GC Thread#6"                     [id=21468, stack(0x0000008067d00000,0x0000008067e00000) (1024K)]
  0x0000019a6e8160c0 WorkerThread "GC Thread#7"                     [id=21216, stack(0x0000008067e00000,0x0000008067f00000) (1024K)]
  0x0000019a6ecf51f0 WorkerThread "GC Thread#8"                     [id=12736, stack(0x0000008068200000,0x0000008068300000) (1024K)]
  0x0000019a6ec3e300 WorkerThread "GC Thread#9"                     [id=2948, stack(0x0000008068300000,0x0000008068400000) (1024K)]
Total: 12

Threads with active compile tasks:
Total: 0

VM state: not at safepoint (normal execution)

VM Mutex/Monitor currently owned by a thread: None

Heap address: 0x0000000080000000, size: 2048 MB, Compressed Oops mode: 32-bit

CDS archive(s) mapped at: [0x0000019a27000000-0x0000019a27ba0000-0x0000019a27ba0000), size 12189696, SharedBaseAddress: 0x0000019a27000000, ArchiveRelocationMode: 1.
Compressed class space mapped at: 0x0000019a28000000-0x0000019a68000000, reserved size: 1073741824
Narrow klass base: 0x0000019a27000000, Narrow klass shift: 0, Narrow klass range: 0x100000000

GC Precious Log:
 CardTable entry size: 512
 CPUs: 12 total, 12 available
 Memory: 7896M
 Large Page Support: Disabled
 NUMA Support: Disabled
 Compressed Oops: Enabled (32-bit)
 Alignments: Space 512K, Generation 512K, Heap 2M
 Heap Min Capacity: 100M
 Heap Initial Capacity: 100M
 Heap Max Capacity: 2G
 Pre-touch: Disabled
 Parallel Workers: 10

Heap:
 PSYoungGen      total 8192K, used 3558K [0x00000000d5580000, 0x00000000d5e80000, 0x0000000100000000)
  eden space 7680K, 43% used [0x00000000d5580000,0x00000000d58c1880,0x00000000d5d00000)
  from space 512K, 43% used [0x00000000d5d00000,0x00000000d5d38000,0x00000000d5d80000)
  to   space 512K, 0% used [0x00000000d5e00000,0x00000000d5e00000,0x00000000d5e80000)
 ParOldGen       total 1303040K, used 1302607K [0x0000000080000000, 0x00000000cf880000, 0x00000000d5580000)
  object space 1303040K, 99% used [0x0000000080000000,0x00000000cf813c20,0x00000000cf880000)
 Metaspace       used 108133K, committed 110272K, reserved 1179648K
  class space    used 10853K, committed 11840K, reserved 1048576K

Card table byte_map: [0x0000019a0f510000,0x0000019a0f920000] _byte_map_base: 0x0000019a0f110000

Marking Bits: (ParMarkBitMap*) 0x00007ff851f6a340
 Begin Bits: [0x0000019a22010000, 0x0000019a24010000)
 End Bits:   [0x0000019a24010000, 0x0000019a26010000)

Polling page: 0x0000019a0daf0000

Metaspace:

Usage:
  Non-class:     95.00 MB used.
      Class:     10.60 MB used.
       Both:    105.60 MB used.

Virtual space:
  Non-class space:      128.00 MB reserved,      96.12 MB ( 75%) committed,  2 nodes.
      Class space:        1.00 GB reserved,      11.56 MB (  1%) committed,  1 nodes.
             Both:        1.12 GB reserved,     107.69 MB (  9%) committed. 

Chunk freelists:
   Non-Class:  15.92 MB
       Class:  4.47 MB
        Both:  20.39 MB

MaxMetaspaceSize: unlimited
CompressedClassSpaceSize: 1.00 GB
Initial GC threshold: 21.00 MB
Current GC threshold: 167.62 MB
CDS: on
 - commit_granule_bytes: 65536.
 - commit_granule_words: 8192.
 - virtual_space_node_default_size: 8388608.
 - enlarge_chunks_in_place: 1.
 - use_allocation_guard: 0.


Internal statistics:

num_allocs_failed_limit: 9.
num_arena_births: 2398.
num_arena_deaths: 352.
num_vsnodes_births: 3.
num_vsnodes_deaths: 0.
num_space_committed: 1723.
num_space_uncommitted: 0.
num_chunks_returned_to_freelist: 422.
num_chunks_taken_from_freelist: 8271.
num_chunk_merges: 99.
num_chunk_splits: 4711.
num_chunks_enlarged: 2425.
num_inconsistent_stats: 0.

CodeHeap 'non-profiled nmethods': size=120000Kb used=29378Kb max_used=29378Kb free=90621Kb
 bounds [0x0000019a1a830000, 0x0000019a1c4f0000, 0x0000019a21d60000]
CodeHeap 'profiled nmethods': size=120000Kb used=49613Kb max_used=49613Kb free=70386Kb
 bounds [0x0000019a12d60000, 0x0000019a15de0000, 0x0000019a1a290000]
CodeHeap 'non-nmethods': size=5760Kb used=1562Kb max_used=1651Kb free=4197Kb
 bounds [0x0000019a1a290000, 0x0000019a1a500000, 0x0000019a1a830000]
CodeCache: size=245760Kb, used=80553Kb, max_used=80642Kb, free=165204Kb
 total_blobs=21301, nmethods=20417, adapters=784, full_count=0
Compilation: enabled, stopped_count=0, restarted_count=0

Compilation events (20 events):
Event: 4592.629 Thread 0x0000019a0fc23db0 36450       4       org.apache.maven.artifact.DefaultArtifact::getBaseVersion (27 bytes)
Event: 4592.630 Thread 0x0000019a0fc23db0 nmethod 36450 0x0000019a1c4dd010 code [0x0000019a1c4dd1a0, 0x0000019a1c4dd250]
Event: 4592.858 Thread 0x0000019a0fc23db0 36451       4       org.eclipse.m2e.jdt.internal.ModuleSupport$$Lambda/0x0000019a28832720::test (8 bytes)
Event: 4592.860 Thread 0x0000019a0fc23db0 nmethod 36451 0x0000019a1c4dd310 code [0x0000019a1c4dd4a0, 0x0000019a1c4dd690]
Event: 4592.889 Thread 0x0000019a0fc2e8e0 36452       3       io.reactivex.internal.functions.ObjectHelper::requireNonNull (15 bytes)
Event: 4592.890 Thread 0x0000019a0fc2e8e0 nmethod 36452 0x0000019a15ddb910 code [0x0000019a15ddbac0, 0x0000019a15ddbca8]
Event: 4592.903 Thread 0x0000019a0fc23db0 36454 % !   4       java.lang.StringLatin1::replace @ 176 (291 bytes)
Event: 4592.917 Thread 0x0000019a0fc23db0 nmethod 36454% 0x0000019a1c4dd790 code [0x0000019a1c4dd940, 0x0000019a1c4ddf98]
Event: 4592.917 Thread 0x0000019a0fc23db0 36453       4       java.lang.String::join (52 bytes)
Event: 4592.946 Thread 0x0000019a0fc23db0 nmethod 36453 0x0000019a1c4de310 code [0x0000019a1c4de560, 0x0000019a1c4df570]
Event: 4593.381 Thread 0x0000019a0fc2e8e0 36456       3       java.util.logging.Logger::log (25 bytes)
Event: 4593.382 Thread 0x0000019a0fc2e8e0 nmethod 36456 0x0000019a15ddbd90 code [0x0000019a15ddbf60, 0x0000019a15ddc320]
Event: 4593.382 Thread 0x0000019a0fc2e8e0 36455       3       java.util.logging.Logger::fine (9 bytes)
Event: 4593.382 Thread 0x0000019a0fc2e8e0 nmethod 36455 0x0000019a15ddc490 code [0x0000019a15ddc640, 0x0000019a15ddc810]
Event: 4631.725 Thread 0x0000019a0fc23db0 36457       4       java.util.concurrent.ThreadPoolExecutor$Worker::unlock (7 bytes)
Event: 4631.728 Thread 0x0000019a0fc23db0 nmethod 36457 0x0000019a1c4dfd90 code [0x0000019a1c4dff20, 0x0000019a1c4e0038]
Event: 4651.769 Thread 0x0000019a0fc2e8e0 36458       3       java.lang.ProcessHandleImpl::get (51 bytes)
Event: 4651.775 Thread 0x0000019a0fc2e8e0 nmethod 36458 0x0000019a15ddc910 code [0x0000019a15ddcb20, 0x0000019a15ddd128]
Event: 4681.795 Thread 0x0000019a0fc23db0 36459   !   4       java.util.concurrent.locks.AbstractQueuedSynchronizer$ConditionObject::newConditionNode (78 bytes)
Event: 4681.820 Thread 0x0000019a0fc23db0 nmethod 36459 0x0000019a1c4e0190 code [0x0000019a1c4e0380, 0x0000019a1c4e0718]

GC Heap History (20 events):
Event: 4587.685 GC heap before
{Heap before GC invocations=6859 (full 12):
 PSYoungGen      total 8192K, used 8144K [0x00000000d5580000, 0x00000000d5e80000, 0x0000000100000000)
  eden space 7680K, 100% used [0x00000000d5580000,0x00000000d5d00000,0x00000000d5d00000)
  from space 512K, 90% used [0x00000000d5d80000,0x00000000d5df4010,0x00000000d5e00000)
  to   space 512K, 0% used [0x00000000d5e00000,0x00000000d5e00000,0x00000000d5e80000)
 ParOldGen       total 1302528K, used 1298392K [0x0000000080000000, 0x00000000cf800000, 0x00000000d5580000)
  object space 1302528K, 99% used [0x0000000080000000,0x00000000cf3f6160,0x00000000cf800000)
 Metaspace       used 108127K, committed 110208K, reserved 1179648K
  class space    used 10853K, committed 11840K, reserved 1048576K
}
Event: 4587.688 GC heap after
{Heap after GC invocations=6859 (full 12):
 PSYoungGen      total 8192K, used 288K [0x00000000d5580000, 0x00000000d5e80000, 0x0000000100000000)
  eden space 7680K, 0% used [0x00000000d5580000,0x00000000d5580000,0x00000000d5d00000)
  from space 512K, 56% used [0x00000000d5e00000,0x00000000d5e48000,0x00000000d5e80000)
  to   space 512K, 0% used [0x00000000d5d80000,0x00000000d5d80000,0x00000000d5e00000)
 ParOldGen       total 1302528K, used 1298456K [0x0000000080000000, 0x00000000cf800000, 0x00000000d5580000)
  object space 1302528K, 99% used [0x0000000080000000,0x00000000cf406160,0x00000000cf800000)
 Metaspace       used 108127K, committed 110208K, reserved 1179648K
  class space    used 10853K, committed 11840K, reserved 1048576K
}
Event: 4587.710 GC heap before
{Heap before GC invocations=6860 (full 12):
 PSYoungGen      total 8192K, used 7968K [0x00000000d5580000, 0x00000000d5e80000, 0x0000000100000000)
  eden space 7680K, 100% used [0x00000000d5580000,0x00000000d5d00000,0x00000000d5d00000)
  from space 512K, 56% used [0x00000000d5e00000,0x00000000d5e48000,0x00000000d5e80000)
  to   space 512K, 0% used [0x00000000d5d80000,0x00000000d5d80000,0x00000000d5e00000)
 ParOldGen       total 1302528K, used 1298456K [0x0000000080000000, 0x00000000cf800000, 0x00000000d5580000)
  object space 1302528K, 99% used [0x0000000080000000,0x00000000cf406160,0x00000000cf800000)
 Metaspace       used 108127K, committed 110208K, reserved 1179648K
  class space    used 10853K, committed 11840K, reserved 1048576K
}
Event: 4587.714 GC heap after
{Heap after GC invocations=6860 (full 12):
 PSYoungGen      total 8192K, used 506K [0x00000000d5580000, 0x00000000d6000000, 0x0000000100000000)
  eden space 7680K, 0% used [0x00000000d5580000,0x00000000d5580000,0x00000000d5d00000)
  from space 512K, 98% used [0x00000000d5d80000,0x00000000d5dfe900,0x00000000d5e00000)
  to   space 1536K, 0% used [0x00000000d5e80000,0x00000000d5e80000,0x00000000d6000000)
 ParOldGen       total 1302528K, used 1299127K [0x0000000080000000, 0x00000000cf800000, 0x00000000d5580000)
  object space 1302528K, 99% used [0x0000000080000000,0x00000000cf4adca0,0x00000000cf800000)
 Metaspace       used 108127K, committed 110208K, reserved 1179648K
  class space    used 10853K, committed 11840K, reserved 1048576K
}
Event: 4587.960 GC heap before
{Heap before GC invocations=6861 (full 12):
 PSYoungGen      total 8192K, used 8186K [0x00000000d5580000, 0x00000000d6000000, 0x0000000100000000)
  eden space 7680K, 100% used [0x00000000d5580000,0x00000000d5d00000,0x00000000d5d00000)
  from space 512K, 98% used [0x00000000d5d80000,0x00000000d5dfe900,0x00000000d5e00000)
  to   space 1536K, 0% used [0x00000000d5e80000,0x00000000d5e80000,0x00000000d6000000)
 ParOldGen       total 1302528K, used 1299127K [0x0000000080000000, 0x00000000cf800000, 0x00000000d5580000)
  object space 1302528K, 99% used [0x0000000080000000,0x00000000cf4adca0,0x00000000cf800000)
 Metaspace       used 108127K, committed 110208K, reserved 1179648K
  class space    used 10853K, committed 11840K, reserved 1048576K
}
Event: 4587.970 GC heap after
{Heap after GC invocations=6861 (full 12):
 PSYoungGen      total 9216K, used 1012K [0x00000000d5580000, 0x00000000d6000000, 0x0000000100000000)
  eden space 7680K, 0% used [0x00000000d5580000,0x00000000d5580000,0x00000000d5d00000)
  from space 1536K, 65% used [0x00000000d5e80000,0x00000000d5f7d200,0x00000000d6000000)
  to   space 1536K, 0% used [0x00000000d5d00000,0x00000000d5d00000,0x00000000d5e80000)
 ParOldGen       total 1302528K, used 1299633K [0x0000000080000000, 0x00000000cf800000, 0x00000000d5580000)
  object space 1302528K, 99% used [0x0000000080000000,0x00000000cf52c5a0,0x00000000cf800000)
 Metaspace       used 108127K, committed 110208K, reserved 1179648K
  class space    used 10853K, committed 11840K, reserved 1048576K
}
Event: 4588.093 GC heap before
{Heap before GC invocations=6862 (full 12):
 PSYoungGen      total 9216K, used 8692K [0x00000000d5580000, 0x00000000d6000000, 0x0000000100000000)
  eden space 7680K, 100% used [0x00000000d5580000,0x00000000d5d00000,0x00000000d5d00000)
  from space 1536K, 65% used [0x00000000d5e80000,0x00000000d5f7d200,0x00000000d6000000)
  to   space 1536K, 0% used [0x00000000d5d00000,0x00000000d5d00000,0x00000000d5e80000)
 ParOldGen       total 1302528K, used 1299633K [0x0000000080000000, 0x00000000cf800000, 0x00000000d5580000)
  object space 1302528K, 99% used [0x0000000080000000,0x00000000cf52c5a0,0x00000000cf800000)
 Metaspace       used 108127K, committed 110208K, reserved 1179648K
  class space    used 10853K, committed 11840K, reserved 1048576K
}
Event: 4588.097 GC heap after
{Heap after GC invocations=6862 (full 12):
 PSYoungGen      total 8704K, used 596K [0x00000000d5580000, 0x00000000d5f00000, 0x0000000100000000)
  eden space 7680K, 0% used [0x00000000d5580000,0x00000000d5580000,0x00000000d5d00000)
  from space 1024K, 58% used [0x00000000d5d00000,0x00000000d5d95200,0x00000000d5e00000)
  to   space 1024K, 0% used [0x00000000d5e00000,0x00000000d5e00000,0x00000000d5f00000)
 ParOldGen       total 1302528K, used 1300225K [0x0000000080000000, 0x00000000cf800000, 0x00000000d5580000)
  object space 1302528K, 99% used [0x0000000080000000,0x00000000cf5c05c0,0x00000000cf800000)
 Metaspace       used 108127K, committed 110208K, reserved 1179648K
  class space    used 10853K, committed 11840K, reserved 1048576K
}
Event: 4588.125 GC heap before
{Heap before GC invocations=6863 (full 12):
 PSYoungGen      total 8704K, used 8276K [0x00000000d5580000, 0x00000000d5f00000, 0x0000000100000000)
  eden space 7680K, 100% used [0x00000000d5580000,0x00000000d5d00000,0x00000000d5d00000)
  from space 1024K, 58% used [0x00000000d5d00000,0x00000000d5d95200,0x00000000d5e00000)
  to   space 1024K, 0% used [0x00000000d5e00000,0x00000000d5e00000,0x00000000d5f00000)
 ParOldGen       total 1302528K, used 1300225K [0x0000000080000000, 0x00000000cf800000, 0x00000000d5580000)
  object space 1302528K, 99% used [0x0000000080000000,0x00000000cf5c05c0,0x00000000cf800000)
 Metaspace       used 108127K, committed 110208K, reserved 1179648K
  class space    used 10853K, committed 11840K, reserved 1048576K
}
Event: 4588.128 GC heap after
{Heap after GC invocations=6863 (full 12):
 PSYoungGen      total 8704K, used 714K [0x00000000d5580000, 0x00000000d5f00000, 0x0000000100000000)
  eden space 7680K, 0% used [0x00000000d5580000,0x00000000d5580000,0x00000000d5d00000)
  from space 1024K, 69% used [0x00000000d5e00000,0x00000000d5eb2910,0x00000000d5f00000)
  to   space 1024K, 0% used [0x00000000d5d00000,0x00000000d5d00000,0x00000000d5e00000)
 ParOldGen       total 1302528K, used 1300313K [0x0000000080000000, 0x00000000cf800000, 0x00000000d5580000)
  object space 1302528K, 99% used [0x0000000080000000,0x00000000cf5d65c0,0x00000000cf800000)
 Metaspace       used 108127K, committed 110208K, reserved 1179648K
  class space    used 10853K, committed 11840K, reserved 1048576K
}
Event: 4590.584 GC heap before
{Heap before GC invocations=6864 (full 12):
 PSYoungGen      total 8704K, used 8394K [0x00000000d5580000, 0x00000000d5f00000, 0x0000000100000000)
  eden space 7680K, 100% used [0x00000000d5580000,0x00000000d5d00000,0x00000000d5d00000)
  from space 1024K, 69% used [0x00000000d5e00000,0x00000000d5eb2910,0x00000000d5f00000)
  to   space 1024K, 0% used [0x00000000d5d00000,0x00000000d5d00000,0x00000000d5e00000)
 ParOldGen       total 1302528K, used 1300313K [0x0000000080000000, 0x00000000cf800000, 0x00000000d5580000)
  object space 1302528K, 99% used [0x0000000080000000,0x00000000cf5d65c0,0x00000000cf800000)
 Metaspace       used 108130K, committed 110272K, reserved 1179648K
  class space    used 10853K, committed 11840K, reserved 1048576K
}
Event: 4590.590 GC heap after
{Heap after GC invocations=6864 (full 12):
 PSYoungGen      total 8704K, used 1017K [0x00000000d5580000, 0x00000000d6000000, 0x0000000100000000)
  eden space 7680K, 0% used [0x00000000d5580000,0x00000000d5580000,0x00000000d5d00000)
  from space 1024K, 99% used [0x00000000d5d00000,0x00000000d5dfe410,0x00000000d5e00000)
  to   space 1536K, 0% used [0x00000000d5e80000,0x00000000d5e80000,0x00000000d6000000)
 ParOldGen       total 1302528K, used 1300369K [0x0000000080000000, 0x00000000cf800000, 0x00000000d5580000)
  object space 1302528K, 99% used [0x0000000080000000,0x00000000cf5e45c0,0x00000000cf800000)
 Metaspace       used 108130K, committed 110272K, reserved 1179648K
  class space    used 10853K, committed 11840K, reserved 1048576K
}
Event: 4590.801 GC heap before
{Heap before GC invocations=6865 (full 12):
 PSYoungGen      total 8704K, used 8697K [0x00000000d5580000, 0x00000000d6000000, 0x0000000100000000)
  eden space 7680K, 100% used [0x00000000d5580000,0x00000000d5d00000,0x00000000d5d00000)
  from space 1024K, 99% used [0x00000000d5d00000,0x00000000d5dfe410,0x00000000d5e00000)
  to   space 1536K, 0% used [0x00000000d5e80000,0x00000000d5e80000,0x00000000d6000000)
 ParOldGen       total 1302528K, used 1300369K [0x0000000080000000, 0x00000000cf800000, 0x00000000d5580000)
  object space 1302528K, 99% used [0x0000000080000000,0x00000000cf5e45c0,0x00000000cf800000)
 Metaspace       used 108130K, committed 110272K, reserved 1179648K
  class space    used 10853K, committed 11840K, reserved 1048576K
}
Event: 4590.805 GC heap after
{Heap after GC invocations=6865 (full 12):
 PSYoungGen      total 9216K, used 1140K [0x00000000d5580000, 0x00000000d6000000, 0x0000000100000000)
  eden space 7680K, 0% used [0x00000000d5580000,0x00000000d5580000,0x00000000d5d00000)
  from space 1536K, 74% used [0x00000000d5e80000,0x00000000d5f9d200,0x00000000d6000000)
  to   space 1536K, 0% used [0x00000000d5d00000,0x00000000d5d00000,0x00000000d5e80000)
 ParOldGen       total 1302528K, used 1301182K [0x0000000080000000, 0x00000000cf800000, 0x00000000d5580000)
  object space 1302528K, 99% used [0x0000000080000000,0x00000000cf6af9f0,0x00000000cf800000)
 Metaspace       used 108130K, committed 110272K, reserved 1179648K
  class space    used 10853K, committed 11840K, reserved 1048576K
}
Event: 4590.960 GC heap before
{Heap before GC invocations=6866 (full 12):
 PSYoungGen      total 9216K, used 8820K [0x00000000d5580000, 0x00000000d6000000, 0x0000000100000000)
  eden space 7680K, 100% used [0x00000000d5580000,0x00000000d5d00000,0x00000000d5d00000)
  from space 1536K, 74% used [0x00000000d5e80000,0x00000000d5f9d200,0x00000000d6000000)
  to   space 1536K, 0% used [0x00000000d5d00000,0x00000000d5d00000,0x00000000d5e80000)
 ParOldGen       total 1302528K, used 1301182K [0x0000000080000000, 0x00000000cf800000, 0x00000000d5580000)
  object space 1302528K, 99% used [0x0000000080000000,0x00000000cf6af9f0,0x00000000cf800000)
 Metaspace       used 108130K, committed 110272K, reserved 1179648K
  class space    used 10853K, committed 11840K, reserved 1048576K
}
Event: 4590.965 GC heap after
{Heap after GC invocations=6866 (full 12):
 PSYoungGen      total 8192K, used 378K [0x00000000d5580000, 0x00000000d5f00000, 0x0000000100000000)
  eden space 7680K, 0% used [0x00000000d5580000,0x00000000d5580000,0x00000000d5d00000)
  from space 512K, 73% used [0x00000000d5d00000,0x00000000d5d5e900,0x00000000d5d80000)
  to   space 1024K, 0% used [0x00000000d5e00000,0x00000000d5e00000,0x00000000d5f00000)
 ParOldGen       total 1302528K, used 1302199K [0x0000000080000000, 0x00000000cf800000, 0x00000000d5580000)
  object space 1302528K, 99% used [0x0000000080000000,0x00000000cf7adc10,0x00000000cf800000)
 Metaspace       used 108130K, committed 110272K, reserved 1179648K
  class space    used 10853K, committed 11840K, reserved 1048576K
}
Event: 4592.639 GC heap before
{Heap before GC invocations=6867 (full 12):
 PSYoungGen      total 8192K, used 7441K [0x00000000d5580000, 0x00000000d5f00000, 0x0000000100000000)
  eden space 7680K, 91% used [0x00000000d5580000,0x00000000d5c65ef8,0x00000000d5d00000)
  from space 512K, 73% used [0x00000000d5d00000,0x00000000d5d5e900,0x00000000d5d80000)
  to   space 1024K, 0% used [0x00000000d5e00000,0x00000000d5e00000,0x00000000d5f00000)
 ParOldGen       total 1302528K, used 1302199K [0x0000000080000000, 0x00000000cf800000, 0x00000000d5580000)
  object space 1302528K, 99% used [0x0000000080000000,0x00000000cf7adc10,0x00000000cf800000)
 Metaspace       used 108130K, committed 110272K, reserved 1179648K
  class space    used 10853K, committed 11840K, reserved 1048576K
}
Event: 4592.643 GC heap after
{Heap after GC invocations=6867 (full 12):
 PSYoungGen      total 8192K, used 416K [0x00000000d5580000, 0x00000000d5e80000, 0x0000000100000000)
  eden space 7680K, 0% used [0x00000000d5580000,0x00000000d5580000,0x00000000d5d00000)
  from space 512K, 81% used [0x00000000d5e00000,0x00000000d5e68000,0x00000000d5e80000)
  to   space 512K, 0% used [0x00000000d5d00000,0x00000000d5d00000,0x00000000d5d80000)
 ParOldGen       total 1302528K, used 1302391K [0x0000000080000000, 0x00000000cf800000, 0x00000000d5580000)
  object space 1302528K, 99% used [0x0000000080000000,0x00000000cf7ddc10,0x00000000cf800000)
 Metaspace       used 108130K, committed 110272K, reserved 1179648K
  class space    used 10853K, committed 11840K, reserved 1048576K
}
Event: 4592.725 GC heap before
{Heap before GC invocations=6868 (full 12):
 PSYoungGen      total 8192K, used 8092K [0x00000000d5580000, 0x00000000d5e80000, 0x0000000100000000)
  eden space 7680K, 99% used [0x00000000d5580000,0x00000000d5cff368,0x00000000d5d00000)
  from space 512K, 81% used [0x00000000d5e00000,0x00000000d5e68000,0x00000000d5e80000)
  to   space 512K, 0% used [0x00000000d5d00000,0x00000000d5d00000,0x00000000d5d80000)
 ParOldGen       total 1302528K, used 1302391K [0x0000000080000000, 0x00000000cf800000, 0x00000000d5580000)
  object space 1302528K, 99% used [0x0000000080000000,0x00000000cf7ddc10,0x00000000cf800000)
 Metaspace       used 108130K, committed 110272K, reserved 1179648K
  class space    used 10853K, committed 11840K, reserved 1048576K
}
Event: 4592.729 GC heap after
{Heap after GC invocations=6868 (full 12):
 PSYoungGen      total 8192K, used 224K [0x00000000d5580000, 0x00000000d5e80000, 0x0000000100000000)
  eden space 7680K, 0% used [0x00000000d5580000,0x00000000d5580000,0x00000000d5d00000)
  from space 512K, 43% used [0x00000000d5d00000,0x00000000d5d38000,0x00000000d5d80000)
  to   space 512K, 0% used [0x00000000d5e00000,0x00000000d5e00000,0x00000000d5e80000)
 ParOldGen       total 1303040K, used 1302607K [0x0000000080000000, 0x00000000cf880000, 0x00000000d5580000)
  object space 1303040K, 99% used [0x0000000080000000,0x00000000cf813c20,0x00000000cf880000)
 Metaspace       used 108130K, committed 110272K, reserved 1179648K
  class space    used 10853K, committed 11840K, reserved 1048576K
}

Dll operation events (12 events):
Event: 0.020 Loaded shared library c:\Users\Kavis\.vscode\extensions\redhat.java-1.45.0-win32-x64\jre\21.0.8-win32-x86_64\bin\java.dll
Event: 0.166 Loaded shared library c:\Users\Kavis\.vscode\extensions\redhat.java-1.45.0-win32-x64\jre\21.0.8-win32-x86_64\bin\zip.dll
Event: 0.199 Loaded shared library C:\Users\Kavis\.vscode\extensions\redhat.java-1.45.0-win32-x64\jre\21.0.8-win32-x86_64\bin\instrument.dll
Event: 0.209 Loaded shared library C:\Users\Kavis\.vscode\extensions\redhat.java-1.45.0-win32-x64\jre\21.0.8-win32-x86_64\bin\net.dll
Event: 0.213 Loaded shared library C:\Users\Kavis\.vscode\extensions\redhat.java-1.45.0-win32-x64\jre\21.0.8-win32-x86_64\bin\nio.dll
Event: 0.219 Loaded shared library C:\Users\Kavis\.vscode\extensions\redhat.java-1.45.0-win32-x64\jre\21.0.8-win32-x86_64\bin\zip.dll
Event: 0.252 Loaded shared library C:\Users\Kavis\.vscode\extensions\redhat.java-1.45.0-win32-x64\jre\21.0.8-win32-x86_64\bin\jimage.dll
Event: 0.421 Loaded shared library c:\Users\Kavis\.vscode\extensions\redhat.java-1.45.0-win32-x64\jre\21.0.8-win32-x86_64\bin\verify.dll
Event: 3.292 Loaded shared library C:\Users\Kavis\AppData\Roaming\Code\User\globalStorage\redhat.java\1.45.0\config_win\org.eclipse.equinox.launcher\org.eclipse.equinox.launcher.win32.win32.x86_64_1.2.1400.v20250801-0854\eclipse_11916.dll
Event: 7.945 Loaded shared library C:\Users\Kavis\AppData\Local\Temp\jna-72270570\jna6957138671495227482.dll
Event: 14.413 Loaded shared library C:\Users\Kavis\.vscode\extensions\redhat.java-1.45.0-win32-x64\jre\21.0.8-win32-x86_64\bin\sunmscapi.dll
Event: 14.702 Loaded shared library C:\Users\Kavis\.vscode\extensions\redhat.java-1.45.0-win32-x64\jre\21.0.8-win32-x86_64\bin\extnet.dll

Deoptimization events (20 events):
Event: 4555.032 Thread 0x0000019a689733e0 Uncommon trap: trap_request=0xffffff45 fr.pc=0x0000019a1b39e3e4 relative=0x0000000000000044
Event: 4555.032 Thread 0x0000019a689733e0 Uncommon trap: reason=unstable_if action=reinterpret pc=0x0000019a1b39e3e4 method=java.lang.Character.isSurrogate(C)Z @ 3 c2
Event: 4555.032 Thread 0x0000019a689733e0 DEOPT PACKING pc=0x0000019a1b39e3e4 sp=0x00000080690ff280
Event: 4555.032 Thread 0x0000019a689733e0 DEOPT UNPACKING pc=0x0000019a1a2e3aa2 sp=0x00000080690ff218 mode 2
Event: 4592.905 Thread 0x0000019a68974e20 Uncommon trap: trap_request=0xffffffc6 fr.pc=0x0000019a1c256254 relative=0x0000000000000d34
Event: 4592.905 Thread 0x0000019a68974e20 Uncommon trap: reason=bimorphic_or_optimized_type_check action=maybe_recompile pc=0x0000019a1c256254 method=sun.nio.fs.WindowsChannelFactory$Flags.toFlags(Ljava/util/Set;)Lsun/nio/fs/WindowsChannelFactory$Flags; @ 25 c2
Event: 4592.905 Thread 0x0000019a68974e20 DEOPT PACKING pc=0x0000019a1c256254 sp=0x0000008068dfe940
Event: 4592.905 Thread 0x0000019a68974e20 DEOPT UNPACKING pc=0x0000019a1a2e3aa2 sp=0x0000008068dfe890 mode 2
Event: 4593.379 Thread 0x0000019a721ee6c0 Uncommon trap: trap_request=0xffffffde fr.pc=0x0000019a1a9090b8 relative=0x00000000000001f8
Event: 4593.380 Thread 0x0000019a721ee6c0 Uncommon trap: reason=class_check action=maybe_recompile pc=0x0000019a1a9090b8 method=java.util.stream.IntPipeline$1$1.accept(I)V @ 12 c2
Event: 4593.380 Thread 0x0000019a721ee6c0 DEOPT PACKING pc=0x0000019a1a9090b8 sp=0x00000080691fe9b0
Event: 4593.380 Thread 0x0000019a721ee6c0 DEOPT UNPACKING pc=0x0000019a1a2e3aa2 sp=0x00000080691fe940 mode 2
Event: 4605.306 Thread 0x0000019a689733e0 Uncommon trap: trap_request=0xffffffde fr.pc=0x0000019a1ac564c4 relative=0x0000000000000244
Event: 4605.306 Thread 0x0000019a689733e0 Uncommon trap: reason=class_check action=maybe_recompile pc=0x0000019a1ac564c4 method=java.util.concurrent.CompletableFuture$Completion.exec()Z @ 2 c2
Event: 4605.306 Thread 0x0000019a689733e0 DEOPT PACKING pc=0x0000019a1ac564c4 sp=0x00000080690ff570
Event: 4605.306 Thread 0x0000019a689733e0 DEOPT UNPACKING pc=0x0000019a1a2e3aa2 sp=0x00000080690ff520 mode 2
Event: 4605.307 Thread 0x0000019a6896e520 Uncommon trap: trap_request=0xffffffde fr.pc=0x0000019a1ac564c4 relative=0x0000000000000244
Event: 4605.307 Thread 0x0000019a6896e520 Uncommon trap: reason=class_check action=maybe_recompile pc=0x0000019a1ac564c4 method=java.util.concurrent.CompletableFuture$Completion.exec()Z @ 2 c2
Event: 4605.307 Thread 0x0000019a6896e520 DEOPT PACKING pc=0x0000019a1ac564c4 sp=0x00000080689ff050
Event: 4605.307 Thread 0x0000019a6896e520 DEOPT UNPACKING pc=0x0000019a1a2e3aa2 sp=0x00000080689ff000 mode 2

Classes loaded (20 events):
Event: 3011.834 Loading class java/io/BufferedReader$1
Event: 3011.835 Loading class java/io/BufferedReader$1 done
Event: 3012.764 Loading class jdk/internal/module/IllegalAccessLogger
Event: 3012.764 Loading class jdk/internal/module/IllegalAccessLogger done
Event: 3013.038 Loading class jdk/internal/module/IllegalAccessLogger
Event: 3013.038 Loading class jdk/internal/module/IllegalAccessLogger done
Event: 3048.062 Loading class jdk/internal/module/IllegalAccessLogger
Event: 3048.062 Loading class jdk/internal/module/IllegalAccessLogger done
Event: 3048.468 Loading class jdk/internal/module/IllegalAccessLogger
Event: 3048.468 Loading class jdk/internal/module/IllegalAccessLogger done
Event: 3074.027 Loading class jdk/internal/module/IllegalAccessLogger
Event: 3074.027 Loading class jdk/internal/module/IllegalAccessLogger done
Event: 3074.203 Loading class jdk/internal/module/IllegalAccessLogger
Event: 3074.203 Loading class jdk/internal/module/IllegalAccessLogger done
Event: 4266.235 Loading class java/nio/file/TempFileHelper
Event: 4266.241 Loading class java/nio/file/TempFileHelper done
Event: 4271.671 Loading class java/lang/ProcessHandleImpl$ExitCompletion
Event: 4271.674 Loading class java/lang/ProcessHandleImpl$ExitCompletion done
Event: 4271.680 Loading class java/lang/ProcessHandleImpl$1
Event: 4271.685 Loading class java/lang/ProcessHandleImpl$1 done

Classes unloaded (20 events):
Event: 2005.691 Thread 0x0000019a0fc10c00 Unloading class 0x0000019a28008800 'java/lang/invoke/LambdaForm$MH+0x0000019a28008800'
Event: 2005.691 Thread 0x0000019a0fc10c00 Unloading class 0x0000019a28008400 'java/lang/invoke/LambdaForm$MH+0x0000019a28008400'
Event: 2005.691 Thread 0x0000019a0fc10c00 Unloading class 0x0000019a28007000 'java/lang/invoke/LambdaForm$MH+0x0000019a28007000'
Event: 2005.691 Thread 0x0000019a0fc10c00 Unloading class 0x0000019a28006800 'java/lang/invoke/LambdaForm$MH+0x0000019a28006800'
Event: 2005.691 Thread 0x0000019a0fc10c00 Unloading class 0x0000019a28006400 'java/lang/invoke/LambdaForm$MH+0x0000019a28006400'
Event: 2005.691 Thread 0x0000019a0fc10c00 Unloading class 0x0000019a28006000 'java/lang/invoke/LambdaForm$MH+0x0000019a28006000'
Event: 2005.691 Thread 0x0000019a0fc10c00 Unloading class 0x0000019a28005c00 'java/lang/invoke/LambdaForm$BMH+0x0000019a28005c00'
Event: 2005.691 Thread 0x0000019a0fc10c00 Unloading class 0x0000019a28004800 'java/lang/invoke/LambdaForm$DMH+0x0000019a28004800'
Event: 2005.691 Thread 0x0000019a0fc10c00 Unloading class 0x0000019a28002800 'java/lang/invoke/LambdaForm$MH+0x0000019a28002800'
Event: 2005.691 Thread 0x0000019a0fc10c00 Unloading class 0x0000019a28002400 'java/lang/invoke/LambdaForm$MH+0x0000019a28002400'
Event: 2005.691 Thread 0x0000019a0fc10c00 Unloading class 0x0000019a28002000 'java/lang/invoke/LambdaForm$MH+0x0000019a28002000'
Event: 2005.691 Thread 0x0000019a0fc10c00 Unloading class 0x0000019a28001800 'java/lang/invoke/LambdaForm$MH+0x0000019a28001800'
Event: 2108.182 Thread 0x0000019a0fc10c00 Unloading class 0x0000019a28914000 'java/lang/invoke/LambdaForm$MH+0x0000019a28914000'
Event: 2108.183 Thread 0x0000019a0fc10c00 Unloading class 0x0000019a28903800 'java/lang/invoke/LambdaForm$MH+0x0000019a28903800'
Event: 2108.183 Thread 0x0000019a0fc10c00 Unloading class 0x0000019a28903400 'java/lang/invoke/LambdaForm$MH+0x0000019a28903400'
Event: 2108.183 Thread 0x0000019a0fc10c00 Unloading class 0x0000019a28902800 'java/lang/invoke/LambdaForm$MH+0x0000019a28902800'
Event: 2108.183 Thread 0x0000019a0fc10c00 Unloading class 0x0000019a28902400 'java/lang/invoke/LambdaForm$MH+0x0000019a28902400'
Event: 2108.183 Thread 0x0000019a0fc10c00 Unloading class 0x0000019a28820400 'java/lang/invoke/LambdaForm$MH+0x0000019a28820400'
Event: 2108.184 Thread 0x0000019a0fc10c00 Unloading class 0x0000019a28820000 'java/lang/invoke/LambdaForm$MH+0x0000019a28820000'
Event: 2108.185 Thread 0x0000019a0fc10c00 Unloading class 0x0000019a2880c000 'java/lang/invoke/LambdaForm$MH+0x0000019a2880c000'

Classes redefined (0 events):
No events

Internal exceptions (20 events):
Event: 4555.175 Thread 0x0000019a689733e0 Exception <a 'sun/nio/fs/WindowsException'{0x00000000d5c4cc48}> (0x00000000d5c4cc48) 
thrown [s\src\hotspot\share\prims\jni.cpp, line 520]
Event: 4555.175 Thread 0x0000019a689733e0 Exception <a 'sun/nio/fs/WindowsException'{0x00000000d5c4d5f8}> (0x00000000d5c4d5f8) 
thrown [s\src\hotspot\share\prims\jni.cpp, line 520]
Event: 4555.196 Thread 0x0000019a689733e0 Exception <a 'sun/nio/fs/WindowsException'{0x00000000d585f9b0}> (0x00000000d585f9b0) 
thrown [s\src\hotspot\share\prims\jni.cpp, line 520]
Event: 4555.196 Thread 0x0000019a689733e0 Exception <a 'sun/nio/fs/WindowsException'{0x00000000d5860360}> (0x00000000d5860360) 
thrown [s\src\hotspot\share\prims\jni.cpp, line 520]
Event: 4555.248 Thread 0x0000019a689733e0 Exception <a 'sun/nio/fs/WindowsException'{0x00000000d58f7c20}> (0x00000000d58f7c20) 
thrown [s\src\hotspot\share\prims\jni.cpp, line 520]
Event: 4555.248 Thread 0x0000019a689733e0 Exception <a 'sun/nio/fs/WindowsException'{0x00000000d58f85d0}> (0x00000000d58f85d0) 
thrown [s\src\hotspot\share\prims\jni.cpp, line 520]
Event: 4555.265 Thread 0x0000019a689733e0 Exception <a 'sun/nio/fs/WindowsException'{0x00000000d55823a8}> (0x00000000d55823a8) 
thrown [s\src\hotspot\share\prims\jni.cpp, line 520]
Event: 4555.265 Thread 0x0000019a689733e0 Exception <a 'sun/nio/fs/WindowsException'{0x00000000d5582d58}> (0x00000000d5582d58) 
thrown [s\src\hotspot\share\prims\jni.cpp, line 520]
Event: 4555.281 Thread 0x0000019a689733e0 Exception <a 'sun/nio/fs/WindowsException'{0x00000000d599c1e0}> (0x00000000d599c1e0) 
thrown [s\src\hotspot\share\prims\jni.cpp, line 520]
Event: 4555.281 Thread 0x0000019a689733e0 Exception <a 'sun/nio/fs/WindowsException'{0x00000000d599cb90}> (0x00000000d599cb90) 
thrown [s\src\hotspot\share\prims\jni.cpp, line 520]
Event: 4592.614 Thread 0x0000019a689733e0 Exception <a 'sun/nio/fs/WindowsException'{0x00000000d5aba1d8}> (0x00000000d5aba1d8) 
thrown [s\src\hotspot\share\prims\jni.cpp, line 520]
Event: 4592.614 Thread 0x0000019a689733e0 Exception <a 'sun/nio/fs/WindowsException'{0x00000000d5abab88}> (0x00000000d5abab88) 
thrown [s\src\hotspot\share\prims\jni.cpp, line 520]
Event: 4592.615 Thread 0x0000019a689733e0 Exception <a 'sun/nio/fs/WindowsException'{0x00000000d5abbb48}> (0x00000000d5abbb48) 
thrown [s\src\hotspot\share\prims\jni.cpp, line 520]
Event: 4592.616 Thread 0x0000019a689733e0 Exception <a 'sun/nio/fs/WindowsException'{0x00000000d5abc4f8}> (0x00000000d5abc4f8) 
thrown [s\src\hotspot\share\prims\jni.cpp, line 520]
Event: 4592.617 Thread 0x0000019a689733e0 Exception <a 'sun/nio/fs/WindowsException'{0x00000000d5abe0c8}> (0x00000000d5abe0c8) 
thrown [s\src\hotspot\share\prims\jni.cpp, line 520]
Event: 4592.618 Thread 0x0000019a689733e0 Exception <a 'sun/nio/fs/WindowsException'{0x00000000d5abe7c8}> (0x00000000d5abe7c8) 
thrown [s\src\hotspot\share\prims\jni.cpp, line 520]
Event: 4592.625 Thread 0x0000019a689733e0 Exception <a 'sun/nio/fs/WindowsException'{0x00000000d5addab0}> (0x00000000d5addab0) 
thrown [s\src\hotspot\share\prims\jni.cpp, line 520]
Event: 4592.625 Thread 0x0000019a689733e0 Exception <a 'sun/nio/fs/WindowsException'{0x00000000d5ade460}> (0x00000000d5ade460) 
thrown [s\src\hotspot\share\prims\jni.cpp, line 520]
Event: 4592.905 Thread 0x0000019a68974e20 Exception <a 'sun/nio/fs/WindowsException'{0x00000000d5836638}> (0x00000000d5836638) 
thrown [s\src\hotspot\share\prims\jni.cpp, line 520]
Event: 4592.905 Thread 0x0000019a68974e20 Exception <a 'sun/nio/fs/WindowsException'{0x00000000d5836ca8}> (0x00000000d5836ca8) 
thrown [s\src\hotspot\share\prims\jni.cpp, line 520]

ZGC Phase Switch (0 events):
No events

VM Operations (20 events):
Event: 4588.124 Executing VM operation: ParallelGCFailedAllocation (Allocation Failure)
Event: 4588.128 Executing VM operation: ParallelGCFailedAllocation (Allocation Failure) done
Event: 4590.584 Executing VM operation: ParallelGCFailedAllocation (Allocation Failure)
Event: 4590.590 Executing VM operation: ParallelGCFailedAllocation (Allocation Failure) done
Event: 4590.801 Executing VM operation: ParallelGCFailedAllocation (Allocation Failure)
Event: 4590.805 Executing VM operation: ParallelGCFailedAllocation (Allocation Failure) done
Event: 4590.960 Executing VM operation: ParallelGCFailedAllocation (Allocation Failure)
Event: 4590.965 Executing VM operation: ParallelGCFailedAllocation (Allocation Failure) done
Event: 4592.639 Executing VM operation: ParallelGCFailedAllocation (Allocation Failure)
Event: 4592.643 Executing VM operation: ParallelGCFailedAllocation (Allocation Failure) done
Event: 4592.725 Executing VM operation: ParallelGCFailedAllocation (Allocation Failure)
Event: 4592.729 Executing VM operation: ParallelGCFailedAllocation (Allocation Failure) done
Event: 4593.730 Executing VM operation: Cleanup
Event: 4593.730 Executing VM operation: Cleanup done
Event: 4605.822 Executing VM operation: Cleanup
Event: 4605.822 Executing VM operation: Cleanup done
Event: 4630.203 Executing VM operation: HandshakeAllThreads (HandshakeForDeflation)
Event: 4630.203 Executing VM operation: HandshakeAllThreads (HandshakeForDeflation) done
Event: 4630.204 Executing VM operation: RendezvousGCThreads
Event: 4630.204 Executing VM operation: RendezvousGCThreads done

Memory protections (0 events):
No events

Nmethod flushes (20 events):
Event: 2108.801 Thread 0x0000019a0fc10c00 flushing  nmethod 0x0000019a14bebe10
Event: 2108.801 Thread 0x0000019a0fc10c00 flushing  nmethod 0x0000019a14c32010
Event: 2108.801 Thread 0x0000019a0fc10c00 flushing  nmethod 0x0000019a14c41c10
Event: 2108.802 Thread 0x0000019a0fc10c00 flushing  nmethod 0x0000019a14c42710
Event: 2108.802 Thread 0x0000019a0fc10c00 flushing  nmethod 0x0000019a14c68f10
Event: 2108.802 Thread 0x0000019a0fc10c00 flushing  nmethod 0x0000019a14ce5810
Event: 2108.802 Thread 0x0000019a0fc10c00 flushing  nmethod 0x0000019a14e60690
Event: 2108.802 Thread 0x0000019a0fc10c00 flushing  nmethod 0x0000019a14e67890
Event: 2108.802 Thread 0x0000019a0fc10c00 flushing  nmethod 0x0000019a14e7fa10
Event: 2108.803 Thread 0x0000019a0fc10c00 flushing  nmethod 0x0000019a14e82090
Event: 2108.803 Thread 0x0000019a0fc10c00 flushing  nmethod 0x0000019a14fa5390
Event: 2108.803 Thread 0x0000019a0fc10c00 flushing  nmethod 0x0000019a15125b10
Event: 2108.803 Thread 0x0000019a0fc10c00 flushing  nmethod 0x0000019a15265f90
Event: 2108.803 Thread 0x0000019a0fc10c00 flushing  nmethod 0x0000019a152b7f10
Event: 2108.803 Thread 0x0000019a0fc10c00 flushing  nmethod 0x0000019a152cf490
Event: 2108.803 Thread 0x0000019a0fc10c00 flushing  nmethod 0x0000019a15398710
Event: 2108.803 Thread 0x0000019a0fc10c00 flushing  nmethod 0x0000019a1542bb90
Event: 2108.803 Thread 0x0000019a0fc10c00 flushing  nmethod 0x0000019a154ba610
Event: 2108.803 Thread 0x0000019a0fc10c00 flushing  nmethod 0x0000019a1553e290
Event: 2108.803 Thread 0x0000019a0fc10c00 flushing  nmethod 0x0000019a15541090

Events (20 events):
Event: 4474.295 Thread 0x0000019a68970c80 Thread added: 0x0000019a6896ff60
Event: 4474.296 Thread 0x0000019a6896ff60 Thread exited: 0x0000019a6896ff60
Event: 4501.218 Thread 0x0000019a6896f8d0 Thread added: 0x0000019a6896ff60
Event: 4522.981 Thread 0x0000019a6896de90 Thread exited: 0x0000019a6896de90
Event: 4592.884 Thread 0x0000019a70753300 Thread added: 0x0000019a68974790
Event: 4592.891 Thread 0x0000019a68974790 Thread added: 0x0000019a68974e20
Event: 4592.909 Thread 0x0000019a68974e20 Thread added: 0x0000019a721ef3e0
Event: 4592.921 Thread 0x0000019a68974790 Thread added: 0x0000019a721ee6c0
Event: 4592.921 Thread 0x0000019a721ef3e0 Thread exited: 0x0000019a721ef3e0
Event: 4593.381 Thread 0x0000019a721ee6c0 Thread added: 0x0000019a721ed9a0
Event: 4593.382 Thread 0x0000019a721ee6c0 Thread exited: 0x0000019a721ee6c0
Event: 4605.324 Thread 0x0000019a68974e20 Thread exited: 0x0000019a68974e20
Event: 4635.341 Thread 0x0000019a68974790 Thread exited: 0x0000019a68974790
Event: 4648.148 Thread 0x0000019a68974100 Thread exited: 0x0000019a68974100
Event: 4650.958 Thread 0x0000019a6896ebb0 Thread exited: 0x0000019a6896ebb0
Event: 4650.988 Thread 0x0000019a6896d800 Thread exited: 0x0000019a6896d800
Event: 4654.062 Thread 0x0000019a6896f8d0 Thread exited: 0x0000019a6896f8d0
Event: 4665.309 Thread 0x0000019a721ed9a0 Thread exited: 0x0000019a721ed9a0
Event: 4665.341 Thread 0x0000019a6896e520 Thread exited: 0x0000019a6896e520
Event: 4725.532 Thread 0x0000019a689733e0 Thread exited: 0x0000019a689733e0


Dynamic libraries:
0x00007ff7b91b0000 - 0x00007ff7b91be000 	c:\Users\Kavis\.vscode\extensions\redhat.java-1.45.0-win32-x64\jre\21.0.8-win32-x86_64\bin\java.exe
0x00007ff90c160000 - 0x00007ff90c3c9000 	C:\WINDOWS\SYSTEM32\ntdll.dll
0x00007ff90aa90000 - 0x00007ff90ab59000 	C:\WINDOWS\System32\KERNEL32.DLL
0x00007ff909650000 - 0x00007ff909a43000 	C:\WINDOWS\System32\KERNELBASE.dll
0x00007ff909a50000 - 0x00007ff909b9b000 	C:\WINDOWS\System32\ucrtbase.dll
0x00007ff8d3a30000 - 0x00007ff8d3a4e000 	c:\Users\Kavis\.vscode\extensions\redhat.java-1.45.0-win32-x64\jre\21.0.8-win32-x86_64\bin\VCRUNTIME140.dll
0x00007ff8d7c70000 - 0x00007ff8d7c88000 	c:\Users\Kavis\.vscode\extensions\redhat.java-1.45.0-win32-x64\jre\21.0.8-win32-x86_64\bin\jli.dll
0x00007ff90a310000 - 0x00007ff90a4d4000 	C:\WINDOWS\System32\USER32.dll
0x00007ff8eb720000 - 0x00007ff8eb9b3000 	C:\WINDOWS\WinSxS\amd64_microsoft.windows.common-controls_6595b64144ccf1df_6.0.26100.5074_none_3e0d6f78e32fd63f\COMCTL32.dll
0x00007ff909ba0000 - 0x00007ff909bc7000 	C:\WINDOWS\System32\win32u.dll
0x00007ff90ace0000 - 0x00007ff90ad89000 	C:\WINDOWS\System32\msvcrt.dll
0x00007ff90c030000 - 0x00007ff90c05b000 	C:\WINDOWS\System32\GDI32.dll
0x00007ff909d50000 - 0x00007ff909e7d000 	C:\WINDOWS\System32\gdi32full.dll
0x00007ff909e80000 - 0x00007ff909f23000 	C:\WINDOWS\System32\msvcp_win.dll
0x00007ff909f50000 - 0x00007ff909f7f000 	C:\WINDOWS\System32\IMM32.DLL
0x00007ff9042c0000 - 0x00007ff9042cc000 	c:\Users\Kavis\.vscode\extensions\redhat.java-1.45.0-win32-x64\jre\21.0.8-win32-x86_64\bin\vcruntime140_1.dll
0x00007ff8a2fd0000 - 0x00007ff8a305d000 	c:\Users\Kavis\.vscode\extensions\redhat.java-1.45.0-win32-x64\jre\21.0.8-win32-x86_64\bin\msvcp140.dll
0x00007ff8512b0000 - 0x00007ff852047000 	c:\Users\Kavis\.vscode\extensions\redhat.java-1.45.0-win32-x64\jre\21.0.8-win32-x86_64\bin\server\jvm.dll
0x00007ff90c060000 - 0x00007ff90c114000 	C:\WINDOWS\System32\ADVAPI32.dll
0x00007ff90bc50000 - 0x00007ff90bcf6000 	C:\WINDOWS\System32\sechost.dll
0x00007ff90ada0000 - 0x00007ff90aeb8000 	C:\WINDOWS\System32\RPCRT4.dll
0x00007ff90b380000 - 0x00007ff90b3f4000 	C:\WINDOWS\System32\WS2_32.dll
0x00007ff909150000 - 0x00007ff9091ae000 	C:\WINDOWS\SYSTEM32\POWRPROF.dll
0x00007ff8ff780000 - 0x00007ff8ff78b000 	C:\WINDOWS\SYSTEM32\VERSION.dll
0x00007ff8f9820000 - 0x00007ff8f9855000 	C:\WINDOWS\SYSTEM32\WINMM.dll
0x00007ff909130000 - 0x00007ff909144000 	C:\WINDOWS\SYSTEM32\UMPDC.dll
0x00007ff9080d0000 - 0x00007ff9080eb000 	C:\WINDOWS\SYSTEM32\kernel.appcore.dll
0x00007ff8ff200000 - 0x00007ff8ff20a000 	c:\Users\Kavis\.vscode\extensions\redhat.java-1.45.0-win32-x64\jre\21.0.8-win32-x86_64\bin\jimage.dll
0x00007ff906a10000 - 0x00007ff906c52000 	C:\WINDOWS\SYSTEM32\DBGHELP.DLL
0x00007ff909f90000 - 0x00007ff90a30b000 	C:\WINDOWS\System32\combase.dll
0x00007ff90b2a0000 - 0x00007ff90b377000 	C:\WINDOWS\System32\OLEAUT32.dll
0x00007ff8e5fb0000 - 0x00007ff8e5fed000 	C:\WINDOWS\SYSTEM32\dbgcore.DLL
0x00007ff909460000 - 0x00007ff9094f9000 	C:\WINDOWS\System32\bcryptPrimitives.dll
0x00007ff8ff180000 - 0x00007ff8ff18f000 	c:\Users\Kavis\.vscode\extensions\redhat.java-1.45.0-win32-x64\jre\21.0.8-win32-x86_64\bin\instrument.dll
0x00007ff8c5890000 - 0x00007ff8c58af000 	c:\Users\Kavis\.vscode\extensions\redhat.java-1.45.0-win32-x64\jre\21.0.8-win32-x86_64\bin\java.dll
0x00007ff90b4f0000 - 0x00007ff90bc3d000 	C:\WINDOWS\System32\SHELL32.dll
0x00007ff9092f0000 - 0x00007ff90945c000 	C:\WINDOWS\System32\wintypes.dll
0x00007ff906f20000 - 0x00007ff907779000 	C:\WINDOWS\SYSTEM32\windows.storage.dll
0x00007ff90bd00000 - 0x00007ff90bdf0000 	C:\WINDOWS\System32\SHCORE.dll
0x00007ff90b230000 - 0x00007ff90b292000 	C:\WINDOWS\System32\shlwapi.dll
0x00007ff909210000 - 0x00007ff909239000 	C:\WINDOWS\SYSTEM32\profapi.dll
0x00007ff8c5230000 - 0x00007ff8c5248000 	c:\Users\Kavis\.vscode\extensions\redhat.java-1.45.0-win32-x64\jre\21.0.8-win32-x86_64\bin\zip.dll
0x00007ff8fd6d0000 - 0x00007ff8fd6e0000 	C:\Users\Kavis\.vscode\extensions\redhat.java-1.45.0-win32-x64\jre\21.0.8-win32-x86_64\bin\net.dll
0x00007ff9009c0000 - 0x00007ff900adf000 	C:\WINDOWS\SYSTEM32\WINHTTP.dll
0x00007ff908650000 - 0x00007ff9086bb000 	C:\WINDOWS\system32\mswsock.dll
0x00007ff8c5110000 - 0x00007ff8c5126000 	C:\Users\Kavis\.vscode\extensions\redhat.java-1.45.0-win32-x64\jre\21.0.8-win32-x86_64\bin\nio.dll
0x00007ff8e0f40000 - 0x00007ff8e0f50000 	c:\Users\Kavis\.vscode\extensions\redhat.java-1.45.0-win32-x64\jre\21.0.8-win32-x86_64\bin\verify.dll
0x00007ff8c1d10000 - 0x00007ff8c1d54000 	C:\Users\Kavis\AppData\Roaming\Code\User\globalStorage\redhat.java\1.45.0\config_win\org.eclipse.equinox.launcher\org.eclipse.equinox.launcher.win32.win32.x86_64_1.2.1400.v20250801-0854\eclipse_11916.dll
0x00007ff90b090000 - 0x00007ff90b228000 	C:\WINDOWS\System32\ole32.dll
0x00007ff9088f0000 - 0x00007ff90890b000 	C:\WINDOWS\SYSTEM32\CRYPTSP.dll
0x00007ff908030000 - 0x00007ff90806b000 	C:\WINDOWS\system32\rsaenh.dll
0x00007ff9086f0000 - 0x00007ff90871b000 	C:\WINDOWS\SYSTEM32\USERENV.dll
0x00007ff9091e0000 - 0x00007ff909206000 	C:\WINDOWS\SYSTEM32\bcrypt.dll
0x00007ff908910000 - 0x00007ff90891c000 	C:\WINDOWS\SYSTEM32\CRYPTBASE.dll
0x00007ff907af0000 - 0x00007ff907b24000 	C:\WINDOWS\SYSTEM32\IPHLPAPI.DLL
0x00007ff90aec0000 - 0x00007ff90aeca000 	C:\WINDOWS\System32\NSI.dll
0x00007ff8a3090000 - 0x00007ff8a30d9000 	C:\Users\Kavis\AppData\Local\Temp\jna-72270570\jna6957138671495227482.dll
0x00007ff90bc40000 - 0x00007ff90bc48000 	C:\WINDOWS\System32\PSAPI.DLL
0x00007ff900c80000 - 0x00007ff900c9e000 	C:\WINDOWS\SYSTEM32\dhcpcsvc6.DLL
0x00007ff900b60000 - 0x00007ff900b83000 	C:\WINDOWS\SYSTEM32\dhcpcsvc.DLL
0x00007ff8dc770000 - 0x00007ff8dc77e000 	C:\Users\Kavis\.vscode\extensions\redhat.java-1.45.0-win32-x64\jre\21.0.8-win32-x86_64\bin\sunmscapi.dll
0x00007ff909bd0000 - 0x00007ff909d47000 	C:\WINDOWS\System32\CRYPT32.dll
0x00007ff908b10000 - 0x00007ff908b40000 	C:\WINDOWS\SYSTEM32\ncrypt.dll
0x00007ff908ac0000 - 0x00007ff908aff000 	C:\WINDOWS\SYSTEM32\NTASN1.dll
0x00007ff907ba0000 - 0x00007ff907cc6000 	C:\WINDOWS\SYSTEM32\DNSAPI.dll
0x00007ff8ff6c0000 - 0x00007ff8ff6cb000 	C:\Windows\System32\rasadhlp.dll
0x00007ff900e40000 - 0x00007ff900ec6000 	C:\WINDOWS\System32\fwpuclnt.dll
0x00007ff8db8e0000 - 0x00007ff8db8e9000 	C:\Users\Kavis\.vscode\extensions\redhat.java-1.45.0-win32-x64\jre\21.0.8-win32-x86_64\bin\extnet.dll
0x00007ff9081f0000 - 0x00007ff908226000 	C:\WINDOWS\SYSTEM32\ntmarta.dll
0x00007ff8fcbb0000 - 0x00007ff8fcbb8000 	C:\WINDOWS\system32\wshunix.dll

JVMTI agents:
c:\Users\Kavis\.vscode\extensions\redhat.java-1.45.0-win32-x64\lombok\lombok-1.18.39-4050.jar path:c:\Users\Kavis\.vscode\extensions\redhat.java-1.45.0-win32-x64\jre\21.0.8-win32-x86_64\bin\instrument.dll, loaded, initialized, instrumentlib options:none

dbghelp: loaded successfully - version: 4.0.5 - missing functions: none
symbol engine: initialized successfully - sym options: 0x614 - pdb path: .;c:\Users\Kavis\.vscode\extensions\redhat.java-1.45.0-win32-x64\jre\21.0.8-win32-x86_64\bin;C:\WINDOWS\SYSTEM32;C:\WINDOWS\WinSxS\amd64_microsoft.windows.common-controls_6595b64144ccf1df_6.0.26100.5074_none_3e0d6f78e32fd63f;c:\Users\Kavis\.vscode\extensions\redhat.java-1.45.0-win32-x64\jre\21.0.8-win32-x86_64\bin\server;C:\Users\Kavis\AppData\Roaming\Code\User\globalStorage\redhat.java\1.45.0\config_win\org.eclipse.equinox.launcher\org.eclipse.equinox.launcher.win32.win32.x86_64_1.2.1400.v20250801-0854;C:\Users\Kavis\AppData\Local\Temp\jna-72270570

VM Arguments:
jvm_args: --add-modules=ALL-SYSTEM --add-opens=java.base/java.util=ALL-UNNAMED --add-opens=java.base/java.lang=ALL-UNNAMED --add-opens=java.base/sun.nio.fs=ALL-UNNAMED -Declipse.application=org.eclipse.jdt.ls.core.id1 -Dosgi.bundles.defaultStartLevel=4 -Declipse.product=org.eclipse.jdt.ls.core.product -Djava.import.generatesMetadataFilesAtProjectRoot=false -DDetectVMInstallationsJob.disabled=true -Dfile.encoding=utf8 -XX:+UseParallelGC -XX:GCTimeRatio=4 -XX:AdaptiveSizePolicyWeight=90 -Dsun.zip.disableMemoryMapping=true -Xmx2G -Xms100m -Xlog:disable -javaagent:c:\Users\Kavis\.vscode\extensions\redhat.java-1.45.0-win32-x64\lombok\lombok-1.18.39-4050.jar -XX:+HeapDumpOnOutOfMemoryError -XX:HeapDumpPath=c:\Users\Kavis\AppData\Roaming\Code\User\workspaceStorage\3b4bd8e8293cadc85f576f6bf8f32796\redhat.java -Daether.dependencyCollector.impl=bf 
java_command: c:\Users\Kavis\.vscode\extensions\redhat.java-1.45.0-win32-x64\server\plugins\org.eclipse.equinox.launcher_1.7.0.v20250519-0528.jar -configuration c:\Users\Kavis\AppData\Roaming\Code\User\globalStorage\redhat.java\1.45.0\config_win -data c:\Users\Kavis\AppData\Roaming\Code\User\workspaceStorage\3b4bd8e8293cadc85f576f6bf8f32796\redhat.java\jdt_ws --pipe=\\.\pipe\lsp-b0abed4114f63a1c6c74e7c8f44cb741-sock
java_class_path (initial): c:\Users\Kavis\.vscode\extensions\redhat.java-1.45.0-win32-x64\server\plugins\org.eclipse.equinox.launcher_1.7.0.v20250519-0528.jar
Launcher Type: SUN_STANDARD

[Global flags]
    uintx AdaptiveSizePolicyWeight                 = 90                                        {product} {command line}
     intx CICompilerCount                          = 4                                         {product} {ergonomic}
    uintx GCTimeRatio                              = 4                                         {product} {command line}
     bool HeapDumpOnOutOfMemoryError               = true                                   {manageable} {command line}
    ccstr HeapDumpPath                             = c:\Users\Kavis\AppData\Roaming\Code\User\workspaceStorage\3b4bd8e8293cadc85f576f6bf8f32796\redhat.java         {manageable} {command line}
   size_t InitialHeapSize                          = 104857600                                 {product} {command line}
   size_t MaxHeapSize                              = 2147483648                                {product} {command line}
   size_t MaxNewSize                               = 715653120                                 {product} {ergonomic}
   size_t MinHeapDeltaBytes                        = 524288                                    {product} {ergonomic}
   size_t MinHeapSize                              = 104857600                                 {product} {command line}
   size_t NewSize                                  = 34603008                                  {product} {ergonomic}
    uintx NonNMethodCodeHeapSize                   = 5839372                                {pd product} {ergonomic}
    uintx NonProfiledCodeHeapSize                  = 122909434                              {pd product} {ergonomic}
   size_t OldSize                                  = 70254592                                  {product} {ergonomic}
    uintx ProfiledCodeHeapSize                     = 122909434                              {pd product} {ergonomic}
    uintx ReservedCodeCacheSize                    = 251658240                              {pd product} {ergonomic}
     bool SegmentedCodeCache                       = true                                      {product} {ergonomic}
   size_t SoftMaxHeapSize                          = 2147483648                             {manageable} {ergonomic}
     bool UseCompressedOops                        = true                           {product lp64_product} {ergonomic}
     bool UseLargePagesIndividualAllocation        = false                                  {pd product} {ergonomic}
     bool UseParallelGC                            = true                                      {product} {command line}

Logging:
Log output configuration:
 #0: stdout all=off uptime,level,tags foldmultilines=false
 #1: stderr all=off uptime,level,tags foldmultilines=false

Environment Variables:
JAVA_HOME=C:\Program Files\Eclipse Adoptium\jdk-17.0.15.6-hotspot\
PATH=C:\Program Files\Eclipse Adoptium\jdk-21.0.8.9-hotspot\bin;C:\Python313\Scripts\;C:\Python313\;C:\Program Files\Eclipse Adoptium\jdk-17.0.15.6-hotspot\bin;C:\Program Files\Python312\Scripts\;C:\Program Files\Python312\;C:\WINDOWS\system32;C:\WINDOWS;C:\WINDOWS\System32\Wbem;C:\WINDOWS\System32\WindowsPowerShell\v1.0\;C:\WINDOWS\System32\OpenSSH\;C:\Program Files\dotnet\;C:\ProgramData\chocolatey\bin;C:\Program Files (x86)\NVIDIA Corporation\PhysX\Common;C:\Program Files\Microsoft\Web Platform Installer\;C:\Program Files (x86)\Microsoft ASP.NET\ASP.NET Web Pages\v1.0\;C:\Program Files\Microsoft SQL Server\110\Tools\Binn\;C:\Program Files\Microsoft SQL Server\120\Tools\Binn\;C:\Program Files\Microsoft SQL Server\130\Tools\Binn\;C:\Program Files\Git\cmd;C:\Program Files\Microsoft SQL Server\150\Tools\Binn\;C:\WINDOWS\system32;C:\WINDOWS;C:\WINDOWS\System32\Wbem;C:\WINDOWS\System32\WindowsPowerShell\v1.0\;C:\WINDOWS\System32\OpenSSH\;C:\Program Files\NVIDIA Corporation\NVIDIA App\NvDLISR;C:\Program Files\CMake\bin;C:\php;C:\Program Files (x86)\Windows Kits\10\Windows Performance Toolkit\;C:\ProgramData\chocolatey\lib\maven\apache-maven-3.9.10\bin;C:\Program Files\nodejs\;C:\Program Files\CodeBlocks\MinGW\bin;C:\NASM;C:\Program Files\Docker\Docker\resources\bin;C:\flutter\bin;C:\adb\platform-tools;C:\apache-cassandra-3.11.10\bin;C:\Program Files\MongoDB\Server\8.0\bin;C:\Program Files\Eclipse Adoptium\jdk-21.0.8.9-hotspot\bin;C:\Python313\Scripts\;C:\Python313\;C:\Program Files\Eclipse Adoptium\jdk-17.0.15.6-hotspot\bin;C:\Program Files\Python312\Scripts\;C:\Program Files\Python312\;C:\WINDOWS\system32;C:\WINDOWS;C:\WINDOWS\System32\Wbem;C:\WINDOWS\System32\WindowsPowerShell\v1.0\;C:\WINDOWS\System32\OpenSSH\;C:\Program Files\dotnet\;C:\ProgramData\chocolatey\bin;C:\Program Files (x86)\NVIDIA Corporation\PhysX\Common;C:\Program Files\Microsoft\Web Platform Installer\;C:\Program Files (x86)\Microsoft ASP.NET\ASP.NET Web Pages\v1.0\;C:\Program Files\Microsoft SQL Server\110\Tools\Binn\;C:\Program Files\Microsoft SQL Server\120\Tools\Binn\;C:\Program Files\Microsoft SQL Server\130\Tools\Binn\;C:\Program Files\Git\cmd;C:\Program Files\Microsoft SQL Server\150\Tools\Binn\;C:\WINDOWS\system32;C:\WINDOWS;C:\WINDOWS\System32\Wbem;C:\WINDOWS\System32\WindowsPowerShell\v1.0\;C:\WINDOWS\System32\OpenSSH\;C:\Program Files\NVIDIA Corporation\NVIDIA App\NvDLISR;C:\Program Files\CMake\bi
USERNAME=Kavis
OS=Windows_NT
PROCESSOR_IDENTIFIER=Intel64 Family 6 Model 154 Stepping 4, GenuineIntel
TMP=C:\Users\Kavis\AppData\Local\Temp
TEMP=C:\Users\Kavis\AppData\Local\Temp




Periodic native trim disabled

---------------  S Y S T E M  ---------------

OS:
 Windows 11 , 64 bit Build 26100 (10.0.26100.5074)
OS uptime: 2 days 5:08 hours
Hyper-V role detected

CPU: total 12 (initial active 12) (6 cores per cpu, 2 threads per core) family 6 model 154 stepping 4 microcode 0x423, cx8, cmov, fxsr, ht, mmx, 3dnowpref, sse, sse2, sse3, ssse3, sse4.1, sse4.2, popcnt, lzcnt, tsc, tscinvbit, avx, avx2, aes, erms, clmul, bmi1, bmi2, adx, sha, fma, vzeroupper, clflush, clflushopt, clwb, hv, serialize, rdtscp, rdpid, fsrm, f16c, cet_ibt, cet_ss
Processor Information for processor 0
  Max Mhz: 1300, Current Mhz: 1300, Mhz Limit: 1300
Processor Information for processor 1
  Max Mhz: 1300, Current Mhz: 1300, Mhz Limit: 1300
Processor Information for processor 2
  Max Mhz: 1300, Current Mhz: 1300, Mhz Limit: 1300
Processor Information for processor 3
  Max Mhz: 1300, Current Mhz: 1300, Mhz Limit: 1300
Processor Information for processor 4
  Max Mhz: 1300, Current Mhz: 900, Mhz Limit: 897
Processor Information for processor 5
  Max Mhz: 1300, Current Mhz: 900, Mhz Limit: 897
Processor Information for processor 6
  Max Mhz: 1300, Current Mhz: 900, Mhz Limit: 897
Processor Information for processor 7
  Max Mhz: 1300, Current Mhz: 900, Mhz Limit: 897
Processor Information for processor 8
  Max Mhz: 1300, Current Mhz: 900, Mhz Limit: 897
Processor Information for processor 9
  Max Mhz: 1300, Current Mhz: 900, Mhz Limit: 897
Processor Information for processor 10
  Max Mhz: 1300, Current Mhz: 900, Mhz Limit: 897
Processor Information for processor 11
  Max Mhz: 1300, Current Mhz: 900, Mhz Limit: 897

Memory: 4k page, system-wide physical 7896M (530M free)
TotalPageFile size 17896M (AvailPageFile size 117M)
current process WorkingSet (physical memory assigned to process): 9M, peak: 1469M
current process commit charge ("private bytes"): 1713M, peak: 1790M

vm_info: OpenJDK 64-Bit Server VM (21.0.8+9-LTS) for windows-amd64 JRE (21.0.8+9-LTS), built on 2025-07-15T00:00:00Z by "admin" with MS VC++ 17.7 (VS2022)

END.
